2024-07-01 02:11:12.935 +04:00  INF  Entity Framework Core 6.0.31 initialized 'AppDbContext' using provider 'Microsoft.EntityFrameworkCore.SqlServer:6.0.31' with options: None
2024-07-01 02:11:20.259 +04:00  INF  Entity Framework Core 6.0.31 initialized 'AppDbContext' using provider 'Microsoft.EntityFrameworkCore.SqlServer:6.0.31' with options: None
2024-07-01 02:11:33.209 +04:00  INF  Entity Framework Core 6.0.31 initialized 'AppDbContext' using provider 'Microsoft.EntityFrameworkCore.SqlServer:6.0.31' with options: None
2024-07-01 02:11:33.675 +04:00  INF  Executed DbCommand (13ms) [Parameters=[], CommandType='"Text"', CommandTimeout='30']
SELECT 1
2024-07-01 02:11:33.710 +04:00  INF  Executed DbCommand (19ms) [Parameters=[], CommandType='"Text"', CommandTimeout='30']
SELECT OBJECT_ID(N'[__EFMigrationsHistory]');
2024-07-01 02:11:33.714 +04:00  INF  Executed DbCommand (1ms) [Parameters=[], CommandType='"Text"', CommandTimeout='30']
SELECT 1
2024-07-01 02:11:33.715 +04:00  INF  Executed DbCommand (0ms) [Parameters=[], CommandType='"Text"', CommandTimeout='30']
SELECT OBJECT_ID(N'[__EFMigrationsHistory]');
2024-07-01 02:11:33.773 +04:00  INF  Executed DbCommand (13ms) [Parameters=[], CommandType='"Text"', CommandTimeout='30']
SELECT [MigrationId], [ProductVersion]
FROM [__EFMigrationsHistory]
ORDER BY [MigrationId];
2024-07-01 02:11:33.799 +04:00  INF  Applying migration '20240630221120_CreateTables'.
2024-07-01 02:11:33.867 +04:00  INF  Executed DbCommand (7ms) [Parameters=[], CommandType='"Text"', CommandTimeout='30']
CREATE TABLE [Educations] (
    [Id] int NOT NULL IDENTITY,
    [Name] nvarchar(max) NOT NULL,
    [SoftDelete] bit NOT NULL,
    [CreatedDate] datetime2 NOT NULL,
    CONSTRAINT [PK_Educations] PRIMARY KEY ([Id])
);
2024-07-01 02:11:33.869 +04:00  INF  Executed DbCommand (2ms) [Parameters=[], CommandType='"Text"', CommandTimeout='30']
CREATE TABLE [Rooms] (
    [Id] int NOT NULL IDENTITY,
    [Name] nvarchar(max) NOT NULL,
    [SeatCount] int NOT NULL,
    [SoftDelete] bit NOT NULL,
    [CreatedDate] datetime2 NOT NULL,
    CONSTRAINT [PK_Rooms] PRIMARY KEY ([Id])
);
2024-07-01 02:11:33.872 +04:00  INF  Executed DbCommand (2ms) [Parameters=[], CommandType='"Text"', CommandTimeout='30']
CREATE TABLE [Students] (
    [Id] int NOT NULL IDENTITY,
    [Name] nvarchar(100) NOT NULL,
    [SurName] nvarchar(max) NOT NULL,
    [Address] nvarchar(max) NOT NULL,
    [Email] nvarchar(max) NOT NULL,
    [Age] int NOT NULL,
    [SoftDelete] bit NOT NULL,
    [CreatedDate] datetime2 NOT NULL,
    CONSTRAINT [PK_Students] PRIMARY KEY ([Id])
);
2024-07-01 02:11:33.874 +04:00  INF  Executed DbCommand (2ms) [Parameters=[], CommandType='"Text"', CommandTimeout='30']
CREATE TABLE [Teachers] (
    [Id] int NOT NULL IDENTITY,
    [Name] nvarchar(max) NOT NULL,
    [Surname] nvarchar(max) NOT NULL,
    [Salary] int NOT NULL,
    [Age] int NOT NULL,
    [SoftDelete] bit NOT NULL,
    [CreatedDate] datetime2 NOT NULL,
    CONSTRAINT [PK_Teachers] PRIMARY KEY ([Id])
);
2024-07-01 02:11:33.887 +04:00  ERR  Failed executing DbCommand (13ms) [Parameters=[], CommandType='"Text"', CommandTimeout='30']
CREATE TABLE [Groups] (
    [Id] int NOT NULL IDENTITY,
    [Name] nvarchar(100) NOT NULL,
    [Capacity] int NOT NULL,
    [StudentCount] int NOT NULL,
    [EducationId] int NOT NULL,
    [RoomId] int NOT NULL,
    [SoftDelete] bit NOT NULL,
    [CreatedDate] datetime2 NOT NULL,
    CONSTRAINT [PK_Groups] PRIMARY KEY ([Id]),
    CONSTRAINT [FK_Groups_Educations_EducationId] FOREIGN KEY ([EducationId]) REFERENCES [Educations] ([Id]) ON DELETE CASCADE,
    CONSTRAINT [FK_Groups_Rooms_RoomId] FOREIGN KEY ([RoomId]) REFERENCES [Rooms] ([Id]) ON DELETE CASCADE
);
2024-07-01 02:14:14.352 +04:00  INF  Entity Framework Core 6.0.31 initialized 'AppDbContext' using provider 'Microsoft.EntityFrameworkCore.SqlServer:6.0.31' with options: None
2024-07-01 02:14:15.058 +04:00  INF  Executed DbCommand (182ms) [Parameters=[], CommandType='"Text"', CommandTimeout='60']
CREATE DATABASE [CourseAPI];
2024-07-01 02:14:15.117 +04:00  INF  Executed DbCommand (55ms) [Parameters=[], CommandType='"Text"', CommandTimeout='60']
IF SERVERPROPERTY('EngineEdition') <> 5
BEGIN
    ALTER DATABASE [CourseAPI] SET READ_COMMITTED_SNAPSHOT ON;
END;
2024-07-01 02:14:15.137 +04:00  INF  Executed DbCommand (6ms) [Parameters=[], CommandType='"Text"', CommandTimeout='30']
SELECT 1
2024-07-01 02:14:15.270 +04:00  INF  Executed DbCommand (14ms) [Parameters=[], CommandType='"Text"', CommandTimeout='30']
CREATE TABLE [__EFMigrationsHistory] (
    [MigrationId] nvarchar(150) NOT NULL,
    [ProductVersion] nvarchar(32) NOT NULL,
    CONSTRAINT [PK___EFMigrationsHistory] PRIMARY KEY ([MigrationId])
);
2024-07-01 02:14:15.274 +04:00  INF  Executed DbCommand (1ms) [Parameters=[], CommandType='"Text"', CommandTimeout='30']
SELECT 1
2024-07-01 02:14:15.297 +04:00  INF  Executed DbCommand (13ms) [Parameters=[], CommandType='"Text"', CommandTimeout='30']
SELECT OBJECT_ID(N'[__EFMigrationsHistory]');
2024-07-01 02:14:15.309 +04:00  INF  Executed DbCommand (9ms) [Parameters=[], CommandType='"Text"', CommandTimeout='30']
SELECT [MigrationId], [ProductVersion]
FROM [__EFMigrationsHistory]
ORDER BY [MigrationId];
2024-07-01 02:14:15.321 +04:00  INF  Applying migration '20240630221120_CreateTables'.
2024-07-01 02:14:15.361 +04:00  INF  Executed DbCommand (3ms) [Parameters=[], CommandType='"Text"', CommandTimeout='30']
CREATE TABLE [Educations] (
    [Id] int NOT NULL IDENTITY,
    [Name] nvarchar(max) NOT NULL,
    [SoftDelete] bit NOT NULL,
    [CreatedDate] datetime2 NOT NULL,
    CONSTRAINT [PK_Educations] PRIMARY KEY ([Id])
);
2024-07-01 02:14:15.363 +04:00  INF  Executed DbCommand (2ms) [Parameters=[], CommandType='"Text"', CommandTimeout='30']
CREATE TABLE [Rooms] (
    [Id] int NOT NULL IDENTITY,
    [Name] nvarchar(max) NOT NULL,
    [SeatCount] int NOT NULL,
    [SoftDelete] bit NOT NULL,
    [CreatedDate] datetime2 NOT NULL,
    CONSTRAINT [PK_Rooms] PRIMARY KEY ([Id])
);
2024-07-01 02:14:15.366 +04:00  INF  Executed DbCommand (3ms) [Parameters=[], CommandType='"Text"', CommandTimeout='30']
CREATE TABLE [Students] (
    [Id] int NOT NULL IDENTITY,
    [Name] nvarchar(100) NOT NULL,
    [SurName] nvarchar(max) NOT NULL,
    [Address] nvarchar(max) NOT NULL,
    [Email] nvarchar(max) NOT NULL,
    [Age] int NOT NULL,
    [SoftDelete] bit NOT NULL,
    [CreatedDate] datetime2 NOT NULL,
    CONSTRAINT [PK_Students] PRIMARY KEY ([Id])
);
2024-07-01 02:14:15.369 +04:00  INF  Executed DbCommand (3ms) [Parameters=[], CommandType='"Text"', CommandTimeout='30']
CREATE TABLE [Teachers] (
    [Id] int NOT NULL IDENTITY,
    [Name] nvarchar(max) NOT NULL,
    [Surname] nvarchar(max) NOT NULL,
    [Salary] int NOT NULL,
    [Age] int NOT NULL,
    [SoftDelete] bit NOT NULL,
    [CreatedDate] datetime2 NOT NULL,
    CONSTRAINT [PK_Teachers] PRIMARY KEY ([Id])
);
2024-07-01 02:14:15.372 +04:00  INF  Executed DbCommand (3ms) [Parameters=[], CommandType='"Text"', CommandTimeout='30']
CREATE TABLE [Groups] (
    [Id] int NOT NULL IDENTITY,
    [Name] nvarchar(100) NOT NULL,
    [Capacity] int NOT NULL,
    [StudentCount] int NOT NULL,
    [EducationId] int NOT NULL,
    [RoomId] int NOT NULL,
    [SoftDelete] bit NOT NULL,
    [CreatedDate] datetime2 NOT NULL,
    CONSTRAINT [PK_Groups] PRIMARY KEY ([Id]),
    CONSTRAINT [FK_Groups_Educations_EducationId] FOREIGN KEY ([EducationId]) REFERENCES [Educations] ([Id]) ON DELETE CASCADE,
    CONSTRAINT [FK_Groups_Rooms_RoomId] FOREIGN KEY ([RoomId]) REFERENCES [Rooms] ([Id]) ON DELETE CASCADE
);
2024-07-01 02:14:15.375 +04:00  INF  Executed DbCommand (3ms) [Parameters=[], CommandType='"Text"', CommandTimeout='30']
CREATE TABLE [GroupStudents] (
    [Id] int NOT NULL IDENTITY,
    [StudentId] int NOT NULL,
    [GroupId] int NOT NULL,
    CONSTRAINT [PK_GroupStudents] PRIMARY KEY ([Id]),
    CONSTRAINT [FK_GroupStudents_Groups_GroupId] FOREIGN KEY ([GroupId]) REFERENCES [Groups] ([Id]) ON DELETE CASCADE,
    CONSTRAINT [FK_GroupStudents_Students_StudentId] FOREIGN KEY ([StudentId]) REFERENCES [Students] ([Id]) ON DELETE CASCADE
);
2024-07-01 02:14:15.378 +04:00  INF  Executed DbCommand (3ms) [Parameters=[], CommandType='"Text"', CommandTimeout='30']
CREATE TABLE [GroupTeachers] (
    [Id] int NOT NULL IDENTITY,
    [TeacherId] int NOT NULL,
    [GroupId] int NOT NULL,
    CONSTRAINT [PK_GroupTeachers] PRIMARY KEY ([Id]),
    CONSTRAINT [FK_GroupTeachers_Groups_GroupId] FOREIGN KEY ([GroupId]) REFERENCES [Groups] ([Id]) ON DELETE CASCADE,
    CONSTRAINT [FK_GroupTeachers_Teachers_TeacherId] FOREIGN KEY ([TeacherId]) REFERENCES [Teachers] ([Id]) ON DELETE CASCADE
);
2024-07-01 02:14:15.379 +04:00  INF  Executed DbCommand (1ms) [Parameters=[], CommandType='"Text"', CommandTimeout='30']
CREATE INDEX [IX_Groups_EducationId] ON [Groups] ([EducationId]);
2024-07-01 02:14:15.380 +04:00  INF  Executed DbCommand (1ms) [Parameters=[], CommandType='"Text"', CommandTimeout='30']
CREATE INDEX [IX_Groups_RoomId] ON [Groups] ([RoomId]);
2024-07-01 02:14:15.382 +04:00  INF  Executed DbCommand (1ms) [Parameters=[], CommandType='"Text"', CommandTimeout='30']
CREATE INDEX [IX_GroupStudents_GroupId] ON [GroupStudents] ([GroupId]);
2024-07-01 02:14:15.383 +04:00  INF  Executed DbCommand (1ms) [Parameters=[], CommandType='"Text"', CommandTimeout='30']
CREATE INDEX [IX_GroupStudents_StudentId] ON [GroupStudents] ([StudentId]);
2024-07-01 02:14:15.384 +04:00  INF  Executed DbCommand (1ms) [Parameters=[], CommandType='"Text"', CommandTimeout='30']
CREATE INDEX [IX_GroupTeachers_GroupId] ON [GroupTeachers] ([GroupId]);
2024-07-01 02:14:15.385 +04:00  INF  Executed DbCommand (1ms) [Parameters=[], CommandType='"Text"', CommandTimeout='30']
CREATE INDEX [IX_GroupTeachers_TeacherId] ON [GroupTeachers] ([TeacherId]);
2024-07-01 02:14:15.389 +04:00  INF  Executed DbCommand (3ms) [Parameters=[], CommandType='"Text"', CommandTimeout='30']
INSERT INTO [__EFMigrationsHistory] ([MigrationId], [ProductVersion])
VALUES (N'20240630221120_CreateTables', N'6.0.31');
2024-07-01 02:14:19.851 +04:00  INF  Now listening on: http://localhost:5114
2024-07-01 02:14:19.875 +04:00  INF  Application started. Press Ctrl+C to shut down.
2024-07-01 02:14:19.875 +04:00  INF  Hosting environment: Development
2024-07-01 02:14:19.875 +04:00  INF  Content root path: C:\Users\Əsgərxan\Desktop\Deceller\CourseAppApiWithArchitecture\CourseApi\CourseApi\
2024-07-01 02:14:20.243 +04:00  INF  Request starting HTTP/1.1 GET http://localhost:5114/swagger - -
2024-07-01 02:14:20.398 +04:00  INF  Request finished HTTP/1.1 GET http://localhost:5114/swagger - - - 301 0 - 158.7915ms
2024-07-01 02:14:20.401 +04:00  INF  Request starting HTTP/1.1 GET http://localhost:5114/swagger/index.html - -
2024-07-01 02:14:20.467 +04:00  INF  Request finished HTTP/1.1 GET http://localhost:5114/swagger/index.html - - - 200 - text/html;charset=utf-8 66.5018ms
2024-07-01 02:14:20.482 +04:00  INF  Request starting HTTP/1.1 GET http://localhost:5114/swagger/swagger-ui.css - -
2024-07-01 02:14:20.484 +04:00  INF  Request starting HTTP/1.1 GET http://localhost:5114/swagger/swagger-ui-bundle.js - -
2024-07-01 02:14:20.484 +04:00  INF  Request starting HTTP/1.1 GET http://localhost:5114/swagger/swagger-ui-standalone-preset.js - -
2024-07-01 02:14:20.485 +04:00  INF  Request starting HTTP/1.1 GET http://localhost:5114/_framework/aspnetcore-browser-refresh.js - -
2024-07-01 02:14:20.487 +04:00  INF  Request finished HTTP/1.1 GET http://localhost:5114/_framework/aspnetcore-browser-refresh.js - - - 200 11988 application/javascript;+charset=utf-8 2.5377ms
2024-07-01 02:14:20.514 +04:00  INF  Sending file. Request path: '/swagger-ui.css'. Physical path: 'N/A'
2024-07-01 02:14:20.514 +04:00  INF  Sending file. Request path: '/swagger-ui-standalone-preset.js'. Physical path: 'N/A'
2024-07-01 02:14:20.517 +04:00  INF  Request finished HTTP/1.1 GET http://localhost:5114/swagger/swagger-ui-standalone-preset.js - - - 200 312163 application/javascript 32.4845ms
2024-07-01 02:14:20.517 +04:00  INF  Request finished HTTP/1.1 GET http://localhost:5114/swagger/swagger-ui.css - - - 200 144929 text/css 35.0929ms
2024-07-01 02:14:20.520 +04:00  INF  Sending file. Request path: '/swagger-ui-bundle.js'. Physical path: 'N/A'
2024-07-01 02:14:20.520 +04:00  INF  Request finished HTTP/1.1 GET http://localhost:5114/swagger/swagger-ui-bundle.js - - - 200 1061536 application/javascript 35.8827ms
2024-07-01 02:14:20.537 +04:00  INF  Request starting HTTP/1.1 GET http://localhost:5114/_vs/browserLink - -
2024-07-01 02:14:20.624 +04:00  INF  Request finished HTTP/1.1 GET http://localhost:5114/_vs/browserLink - - - 200 - text/javascript;+charset=UTF-8 87.7479ms
2024-07-01 02:14:20.990 +04:00  INF  Request starting HTTP/1.1 GET http://localhost:5114/swagger/v1/swagger.json - -
2024-07-01 02:14:21.021 +04:00  INF  Request starting HTTP/1.1 GET http://localhost:5114/swagger/favicon-32x32.png - -
2024-07-01 02:14:21.021 +04:00  INF  Sending file. Request path: '/favicon-32x32.png'. Physical path: 'N/A'
2024-07-01 02:14:21.021 +04:00  INF  Request finished HTTP/1.1 GET http://localhost:5114/swagger/favicon-32x32.png - - - 200 628 image/png 0.7406ms
2024-07-01 02:14:21.107 +04:00  INF  Request finished HTTP/1.1 GET http://localhost:5114/swagger/v1/swagger.json - - - 200 - application/json;charset=utf-8 116.9000ms
2024-07-01 02:15:00.781 +04:00  INF  Request starting HTTP/1.1 POST http://localhost:5114/api/admin/Room/Create application/json 38
2024-07-01 02:15:00.785 +04:00  WRN  Failed to determine the https port for redirect.
2024-07-01 02:15:00.788 +04:00  INF  Executing endpoint 'CourseApi.Controllers.Admin.RoomController.Create (CourseApi)'
2024-07-01 02:15:00.817 +04:00  INF  Route matched with {action = "Create", controller = "Room"}. Executing controller action with signature System.Threading.Tasks.Task`1[Microsoft.AspNetCore.Mvc.IActionResult] Create(Service.DTOs.Room.RoomCreateDto) on controller CourseApi.Controllers.Admin.RoomController (CourseApi).
2024-07-01 02:15:02.081 +04:00  INF  Entity Framework Core 6.0.31 initialized 'AppDbContext' using provider 'Microsoft.EntityFrameworkCore.SqlServer:6.0.31' with options: None
2024-07-01 02:15:02.704 +04:00  INF  Executed DbCommand (54ms) [Parameters=[@p0='?' (DbType = DateTime2), @p1='?' (Size = 4000), @p2='?' (DbType = Int32), @p3='?' (DbType = Boolean)], CommandType='"Text"', CommandTimeout='30']
SET NOCOUNT ON;
INSERT INTO [Rooms] ([CreatedDate], [Name], [SeatCount], [SoftDelete])
VALUES (@p0, @p1, @p2, @p3);
SELECT [Id]
FROM [Rooms]
WHERE @@ROWCOUNT = 1 AND [Id] = scope_identity();
2024-07-01 02:15:02.765 +04:00  INF  Executing CreatedAtActionResult, writing value of type '<>f__AnonymousType0`1[[System.String, System.Private.CoreLib, Version=6.0.0.0, Culture=neutral, PublicKeyToken=7cec85d7bea7798e]]'.
2024-07-01 02:15:02.787 +04:00  INF  Executed action CourseApi.Controllers.Admin.RoomController.Create (CourseApi) in 1962.0582ms
2024-07-01 02:15:02.788 +04:00  INF  Executed endpoint 'CourseApi.Controllers.Admin.RoomController.Create (CourseApi)'
2024-07-01 02:15:02.796 +04:00  INF  Request finished HTTP/1.1 POST http://localhost:5114/api/admin/Room/Create application/json 38 - 201 - application/json;+charset=utf-8 2015.1328ms
2024-07-01 02:15:15.911 +04:00  INF  Request starting HTTP/1.1 POST http://localhost:5114/api/admin/Room/Create application/json 41
2024-07-01 02:15:15.913 +04:00  INF  Executing endpoint 'CourseApi.Controllers.Admin.RoomController.Create (CourseApi)'
2024-07-01 02:15:15.913 +04:00  INF  Route matched with {action = "Create", controller = "Room"}. Executing controller action with signature System.Threading.Tasks.Task`1[Microsoft.AspNetCore.Mvc.IActionResult] Create(Service.DTOs.Room.RoomCreateDto) on controller CourseApi.Controllers.Admin.RoomController (CourseApi).
2024-07-01 02:15:15.947 +04:00  INF  Entity Framework Core 6.0.31 initialized 'AppDbContext' using provider 'Microsoft.EntityFrameworkCore.SqlServer:6.0.31' with options: None
2024-07-01 02:15:15.951 +04:00  INF  Executed DbCommand (1ms) [Parameters=[@p0='?' (DbType = DateTime2), @p1='?' (Size = 4000), @p2='?' (DbType = Int32), @p3='?' (DbType = Boolean)], CommandType='"Text"', CommandTimeout='30']
SET NOCOUNT ON;
INSERT INTO [Rooms] ([CreatedDate], [Name], [SeatCount], [SoftDelete])
VALUES (@p0, @p1, @p2, @p3);
SELECT [Id]
FROM [Rooms]
WHERE @@ROWCOUNT = 1 AND [Id] = scope_identity();
2024-07-01 02:15:15.953 +04:00  INF  Executing CreatedAtActionResult, writing value of type '<>f__AnonymousType0`1[[System.String, System.Private.CoreLib, Version=6.0.0.0, Culture=neutral, PublicKeyToken=7cec85d7bea7798e]]'.
2024-07-01 02:15:15.953 +04:00  INF  Executed action CourseApi.Controllers.Admin.RoomController.Create (CourseApi) in 39.5857ms
2024-07-01 02:15:15.953 +04:00  INF  Executed endpoint 'CourseApi.Controllers.Admin.RoomController.Create (CourseApi)'
2024-07-01 02:15:15.953 +04:00  INF  Request finished HTTP/1.1 POST http://localhost:5114/api/admin/Room/Create application/json 41 - 201 - application/json;+charset=utf-8 42.2217ms
2024-07-01 02:15:33.522 +04:00  INF  Request starting HTTP/1.1 POST http://localhost:5114/api/admin/Education/Create application/json 23
2024-07-01 02:15:33.523 +04:00  INF  Executing endpoint 'CourseApi.Controllers.Admin.EducationController.Create (CourseApi)'
2024-07-01 02:15:33.528 +04:00  INF  Route matched with {action = "Create", controller = "Education"}. Executing controller action with signature System.Threading.Tasks.Task`1[Microsoft.AspNetCore.Mvc.IActionResult] Create(Service.DTOs.Educations.EducationCreateDto) on controller CourseApi.Controllers.Admin.EducationController (CourseApi).
2024-07-01 02:15:33.544 +04:00  INF  Entity Framework Core 6.0.31 initialized 'AppDbContext' using provider 'Microsoft.EntityFrameworkCore.SqlServer:6.0.31' with options: None
2024-07-01 02:15:33.566 +04:00  INF  Executed DbCommand (8ms) [Parameters=[@p0='?' (DbType = DateTime2), @p1='?' (Size = 4000), @p2='?' (DbType = Boolean)], CommandType='"Text"', CommandTimeout='30']
SET NOCOUNT ON;
INSERT INTO [Educations] ([CreatedDate], [Name], [SoftDelete])
VALUES (@p0, @p1, @p2);
SELECT [Id]
FROM [Educations]
WHERE @@ROWCOUNT = 1 AND [Id] = scope_identity();
2024-07-01 02:15:33.568 +04:00  INF  Executing CreatedAtActionResult, writing value of type '<>f__AnonymousType0`1[[System.String, System.Private.CoreLib, Version=6.0.0.0, Culture=neutral, PublicKeyToken=7cec85d7bea7798e]]'.
2024-07-01 02:15:33.568 +04:00  INF  Executed action CourseApi.Controllers.Admin.EducationController.Create (CourseApi) in 40.1915ms
2024-07-01 02:15:33.568 +04:00  INF  Executed endpoint 'CourseApi.Controllers.Admin.EducationController.Create (CourseApi)'
2024-07-01 02:15:33.568 +04:00  INF  Request finished HTTP/1.1 POST http://localhost:5114/api/admin/Education/Create application/json 23 - 201 - application/json;+charset=utf-8 45.8620ms
2024-07-01 02:16:02.274 +04:00  INF  Request starting HTTP/1.1 POST http://localhost:5114/api/admin/Group/Create application/json 74
2024-07-01 02:16:02.274 +04:00  INF  Executing endpoint 'CourseApi.Controllers.Admin.GroupController.Create (CourseApi)'
2024-07-01 02:16:02.276 +04:00  INF  Route matched with {action = "Create", controller = "Group"}. Executing controller action with signature System.Threading.Tasks.Task`1[Microsoft.AspNetCore.Mvc.IActionResult] Create(Service.DTOs.Groups.GroupCreateDto) on controller CourseApi.Controllers.Admin.GroupController (CourseApi).
2024-07-01 02:16:02.277 +04:00  INF  Entity Framework Core 6.0.31 initialized 'AppDbContext' using provider 'Microsoft.EntityFrameworkCore.SqlServer:6.0.31' with options: None
2024-07-01 02:16:02.574 +04:00  INF  Executed DbCommand (8ms) [Parameters=[@__id_0='?' (DbType = Int32)], CommandType='"Text"', CommandTimeout='30']
SELECT TOP(1) [r].[Id], [r].[CreatedDate], [r].[Name], [r].[SeatCount], [r].[SoftDelete]
FROM [Rooms] AS [r]
WHERE [r].[Id] = @__id_0
2024-07-01 02:16:02.639 +04:00  INF  Executed DbCommand (9ms) [Parameters=[@p0='?' (DbType = Int32), @p1='?' (DbType = DateTime2), @p2='?' (DbType = Int32), @p3='?' (Size = 100), @p4='?' (DbType = Int32), @p5='?' (DbType = Boolean), @p6='?' (DbType = Int32)], CommandType='"Text"', CommandTimeout='30']
SET NOCOUNT ON;
INSERT INTO [Groups] ([Capacity], [CreatedDate], [EducationId], [Name], [RoomId], [SoftDelete], [StudentCount])
VALUES (@p0, @p1, @p2, @p3, @p4, @p5, @p6);
SELECT [Id]
FROM [Groups]
WHERE @@ROWCOUNT = 1 AND [Id] = scope_identity();
2024-07-01 02:16:02.647 +04:00  INF  Executing CreatedAtActionResult, writing value of type '<>f__AnonymousType0`1[[System.String, System.Private.CoreLib, Version=6.0.0.0, Culture=neutral, PublicKeyToken=7cec85d7bea7798e]]'.
2024-07-01 02:16:02.647 +04:00  INF  Executed action CourseApi.Controllers.Admin.GroupController.Create (CourseApi) in 371.2005ms
2024-07-01 02:16:02.648 +04:00  INF  Executed endpoint 'CourseApi.Controllers.Admin.GroupController.Create (CourseApi)'
2024-07-01 02:16:02.648 +04:00  INF  Request finished HTTP/1.1 POST http://localhost:5114/api/admin/Group/Create application/json 74 - 201 - application/json;+charset=utf-8 374.0309ms
2024-07-01 02:16:34.282 +04:00  INF  Request starting HTTP/1.1 GET http://localhost:5114/api/admin/Room/GetById/1 - -
2024-07-01 02:16:34.282 +04:00  INF  Executing endpoint 'CourseApi.Controllers.Admin.RoomController.GetById (CourseApi)'
2024-07-01 02:16:34.289 +04:00  INF  Route matched with {action = "GetById", controller = "Room"}. Executing controller action with signature System.Threading.Tasks.Task`1[Microsoft.AspNetCore.Mvc.IActionResult] GetById(Int32) on controller CourseApi.Controllers.Admin.RoomController (CourseApi).
2024-07-01 02:16:34.292 +04:00  INF  Entity Framework Core 6.0.31 initialized 'AppDbContext' using provider 'Microsoft.EntityFrameworkCore.SqlServer:6.0.31' with options: None
2024-07-01 02:16:34.297 +04:00  INF  Executed DbCommand (1ms) [Parameters=[@__id_0='?' (DbType = Int32)], CommandType='"Text"', CommandTimeout='30']
SELECT TOP(1) [r].[Id], [r].[CreatedDate], [r].[Name], [r].[SeatCount], [r].[SoftDelete]
FROM [Rooms] AS [r]
WHERE [r].[Id] = @__id_0
2024-07-01 02:16:34.299 +04:00  INF  Executing OkObjectResult, writing value of type 'Service.DTOs.Room.RoomDto'.
2024-07-01 02:16:34.300 +04:00  INF  Executed action CourseApi.Controllers.Admin.RoomController.GetById (CourseApi) in 11.2792ms
2024-07-01 02:16:34.300 +04:00  INF  Executed endpoint 'CourseApi.Controllers.Admin.RoomController.GetById (CourseApi)'
2024-07-01 02:16:34.300 +04:00  INF  Request finished HTTP/1.1 GET http://localhost:5114/api/admin/Room/GetById/1 - - - 200 - application/json;+charset=utf-8 18.0430ms
2024-07-01 02:16:46.803 +04:00  INF  Request starting HTTP/1.1 GET http://localhost:5114/api/admin/Group/GetById/1 - -
2024-07-01 02:16:46.805 +04:00  INF  Executing endpoint 'CourseApi.Controllers.Admin.GroupController.GetById (CourseApi)'
2024-07-01 02:16:46.814 +04:00  INF  Route matched with {action = "GetById", controller = "Group"}. Executing controller action with signature System.Threading.Tasks.Task`1[Microsoft.AspNetCore.Mvc.IActionResult] GetById(Int32) on controller CourseApi.Controllers.Admin.GroupController (CourseApi).
2024-07-01 02:16:46.816 +04:00  INF  Entity Framework Core 6.0.31 initialized 'AppDbContext' using provider 'Microsoft.EntityFrameworkCore.SqlServer:6.0.31' with options: None
2024-07-01 02:16:46.832 +04:00  INF  Executed DbCommand (7ms) [Parameters=[@__id_0='?' (DbType = Int32)], CommandType='"Text"', CommandTimeout='30']
SELECT TOP(1) [g].[Id], [g].[Capacity], [g].[CreatedDate], [g].[EducationId], [g].[Name], [g].[RoomId], [g].[SoftDelete], [g].[StudentCount]
FROM [Groups] AS [g]
WHERE [g].[Id] = @__id_0
2024-07-01 02:16:46.835 +04:00  INF  Executing OkObjectResult, writing value of type 'Service.DTOs.Groups.GroupDto'.
2024-07-01 02:16:46.837 +04:00  INF  Executed action CourseApi.Controllers.Admin.GroupController.GetById (CourseApi) in 22.1826ms
2024-07-01 02:16:46.837 +04:00  INF  Executed endpoint 'CourseApi.Controllers.Admin.GroupController.GetById (CourseApi)'
2024-07-01 02:16:46.837 +04:00  INF  Request finished HTTP/1.1 GET http://localhost:5114/api/admin/Group/GetById/1 - - - 200 - application/json;+charset=utf-8 34.0781ms
2024-07-01 02:17:36.311 +04:00  INF  Request starting HTTP/1.1 POST http://localhost:5114/api/admin/Teacher/Create application/json 103
2024-07-01 02:17:36.311 +04:00  INF  Executing endpoint 'CourseApi.Controllers.Admin.TeacherController.Create (CourseApi)'
2024-07-01 02:17:36.318 +04:00  INF  Route matched with {action = "Create", controller = "Teacher"}. Executing controller action with signature System.Threading.Tasks.Task`1[Microsoft.AspNetCore.Mvc.IActionResult] Create(Service.DTOs.Teachers.TeacherCreateDto) on controller CourseApi.Controllers.Admin.TeacherController (CourseApi).
2024-07-01 02:17:36.320 +04:00  INF  Entity Framework Core 6.0.31 initialized 'AppDbContext' using provider 'Microsoft.EntityFrameworkCore.SqlServer:6.0.31' with options: None
2024-07-01 02:17:36.355 +04:00  INF  Executed DbCommand (4ms) [Parameters=[@__item_0='?' (DbType = Int32)], CommandType='"Text"', CommandTimeout='30']
SELECT CASE
    WHEN EXISTS (
        SELECT 1
        FROM [Groups] AS [g]
        WHERE [g].[Id] = @__item_0) THEN CAST(1 AS bit)
    ELSE CAST(0 AS bit)
END
2024-07-01 02:17:36.361 +04:00  INF  Executed DbCommand (2ms) [Parameters=[@__item_0='?' (DbType = Int32)], CommandType='"Text"', CommandTimeout='30']
SELECT TOP(1) [g].[Id], [g].[Capacity], [g].[CreatedDate], [g].[EducationId], [g].[Name], [g].[RoomId], [g].[SoftDelete], [g].[StudentCount]
FROM [Groups] AS [g]
WHERE [g].[Id] = @__item_0
2024-07-01 02:17:36.377 +04:00  INF  Executed DbCommand (1ms) [Parameters=[@__item_0='?' (DbType = Int32)], CommandType='"Text"', CommandTimeout='30']
SELECT CASE
    WHEN EXISTS (
        SELECT 1
        FROM [Groups] AS [g]
        WHERE [g].[Id] = @__item_0) THEN CAST(1 AS bit)
    ELSE CAST(0 AS bit)
END
2024-07-01 02:17:36.379 +04:00  INF  Executed DbCommand (1ms) [Parameters=[@__item_0='?' (DbType = Int32)], CommandType='"Text"', CommandTimeout='30']
SELECT TOP(1) [g].[Id], [g].[Capacity], [g].[CreatedDate], [g].[EducationId], [g].[Name], [g].[RoomId], [g].[SoftDelete], [g].[StudentCount]
FROM [Groups] AS [g]
WHERE [g].[Id] = @__item_0
2024-07-01 02:17:36.443 +04:00  INF  Executed DbCommand (5ms) [Parameters=[@p0='?' (DbType = Int32), @p1='?' (DbType = DateTime2), @p2='?' (Size = 4000), @p3='?' (DbType = Int32), @p4='?' (DbType = Boolean), @p5='?' (Size = 4000)], CommandType='"Text"', CommandTimeout='30']
SET NOCOUNT ON;
INSERT INTO [Teachers] ([Age], [CreatedDate], [Name], [Salary], [SoftDelete], [Surname])
VALUES (@p0, @p1, @p2, @p3, @p4, @p5);
SELECT [Id]
FROM [Teachers]
WHERE @@ROWCOUNT = 1 AND [Id] = scope_identity();
2024-07-01 02:17:36.467 +04:00  INF  Executed DbCommand (11ms) [Parameters=[@p6='?' (DbType = Int32), @p7='?' (DbType = Int32)], CommandType='"Text"', CommandTimeout='30']
SET NOCOUNT ON;
INSERT INTO [GroupTeachers] ([GroupId], [TeacherId])
VALUES (@p6, @p7);
SELECT [Id]
FROM [GroupTeachers]
WHERE @@ROWCOUNT = 1 AND [Id] = scope_identity();
2024-07-01 02:17:36.471 +04:00  INF  Executing CreatedAtActionResult, writing value of type '<>f__AnonymousType0`1[[System.String, System.Private.CoreLib, Version=6.0.0.0, Culture=neutral, PublicKeyToken=7cec85d7bea7798e]]'.
2024-07-01 02:17:36.472 +04:00  INF  Executed action CourseApi.Controllers.Admin.TeacherController.Create (CourseApi) in 153.4682ms
2024-07-01 02:17:36.472 +04:00  INF  Executed endpoint 'CourseApi.Controllers.Admin.TeacherController.Create (CourseApi)'
2024-07-01 02:17:36.472 +04:00  INF  Request finished HTTP/1.1 POST http://localhost:5114/api/admin/Teacher/Create application/json 103 - 201 - application/json;+charset=utf-8 161.3613ms
2024-07-01 02:18:30.015 +04:00  INF  Request starting HTTP/1.1 POST http://localhost:5114/api/admin/Student/Create application/json 142
2024-07-01 02:18:30.015 +04:00  INF  Executing endpoint 'CourseApi.Controllers.Admin.StudentController.Create (CourseApi)'
2024-07-01 02:18:30.017 +04:00  INF  Route matched with {action = "Create", controller = "Student"}. Executing controller action with signature System.Threading.Tasks.Task`1[Microsoft.AspNetCore.Mvc.IActionResult] Create(Service.DTOs.Students.StudentCreateDto) on controller CourseApi.Controllers.Admin.StudentController (CourseApi).
2024-07-01 02:18:30.018 +04:00  INF  Entity Framework Core 6.0.31 initialized 'AppDbContext' using provider 'Microsoft.EntityFrameworkCore.SqlServer:6.0.31' with options: None
2024-07-01 02:18:30.026 +04:00  INF  Executed DbCommand (4ms) [Parameters=[@__item_0='?' (DbType = Int32)], CommandType='"Text"', CommandTimeout='30']
SELECT CASE
    WHEN EXISTS (
        SELECT 1
        FROM [Groups] AS [g]
        WHERE [g].[Id] = @__item_0) THEN CAST(1 AS bit)
    ELSE CAST(0 AS bit)
END
2024-07-01 02:18:30.033 +04:00  INF  Executed DbCommand (5ms) [Parameters=[@__item_0='?' (DbType = Int32)], CommandType='"Text"', CommandTimeout='30']
SELECT TOP(1) [g].[Id], [g].[Capacity], [g].[CreatedDate], [g].[EducationId], [g].[Name], [g].[RoomId], [g].[SoftDelete], [g].[StudentCount]
FROM [Groups] AS [g]
WHERE [g].[Id] = @__item_0
2024-07-01 02:18:30.037 +04:00  INF  Executed DbCommand (2ms) [Parameters=[@__item_0='?' (DbType = Int32)], CommandType='"Text"', CommandTimeout='30']
SELECT CASE
    WHEN EXISTS (
        SELECT 1
        FROM [Groups] AS [g]
        WHERE [g].[Id] = @__item_0) THEN CAST(1 AS bit)
    ELSE CAST(0 AS bit)
END
2024-07-01 02:18:30.038 +04:00  INF  Executed DbCommand (0ms) [Parameters=[@__item_0='?' (DbType = Int32)], CommandType='"Text"', CommandTimeout='30']
SELECT TOP(1) [g].[Id], [g].[Capacity], [g].[CreatedDate], [g].[EducationId], [g].[Name], [g].[RoomId], [g].[SoftDelete], [g].[StudentCount]
FROM [Groups] AS [g]
WHERE [g].[Id] = @__item_0
2024-07-01 02:18:30.054 +04:00  INF  Executed DbCommand (6ms) [Parameters=[@p7='?' (DbType = Int32), @p0='?' (DbType = Int32), @p1='?' (DbType = DateTime2), @p2='?' (DbType = Int32), @p3='?' (Size = 100), @p4='?' (DbType = Int32), @p5='?' (DbType = Boolean), @p6='?' (DbType = Int32)], CommandType='"Text"', CommandTimeout='30']
SET NOCOUNT ON;
UPDATE [Groups] SET [Capacity] = @p0, [CreatedDate] = @p1, [EducationId] = @p2, [Name] = @p3, [RoomId] = @p4, [SoftDelete] = @p5, [StudentCount] = @p6
WHERE [Id] = @p7;
SELECT @@ROWCOUNT;
2024-07-01 02:18:30.098 +04:00  INF  Executed DbCommand (7ms) [Parameters=[@p0='?' (Size = 4000), @p1='?' (DbType = Int32), @p2='?' (DbType = DateTime2), @p3='?' (Size = 4000), @p4='?' (Size = 100), @p5='?' (DbType = Boolean), @p6='?' (Size = 4000)], CommandType='"Text"', CommandTimeout='30']
SET NOCOUNT ON;
INSERT INTO [Students] ([Address], [Age], [CreatedDate], [Email], [Name], [SoftDelete], [SurName])
VALUES (@p0, @p1, @p2, @p3, @p4, @p5, @p6);
SELECT [Id]
FROM [Students]
WHERE @@ROWCOUNT = 1 AND [Id] = scope_identity();
2024-07-01 02:18:30.108 +04:00  INF  Executed DbCommand (7ms) [Parameters=[@p7='?' (DbType = Int32), @p8='?' (DbType = Int32)], CommandType='"Text"', CommandTimeout='30']
SET NOCOUNT ON;
INSERT INTO [GroupStudents] ([GroupId], [StudentId])
VALUES (@p7, @p8);
SELECT [Id]
FROM [GroupStudents]
WHERE @@ROWCOUNT = 1 AND [Id] = scope_identity();
2024-07-01 02:18:30.113 +04:00  INF  Executing CreatedAtActionResult, writing value of type '<>f__AnonymousType0`1[[System.String, System.Private.CoreLib, Version=6.0.0.0, Culture=neutral, PublicKeyToken=7cec85d7bea7798e]]'.
2024-07-01 02:18:30.113 +04:00  INF  Executed action CourseApi.Controllers.Admin.StudentController.Create (CourseApi) in 95.8264ms
2024-07-01 02:18:30.113 +04:00  INF  Executed endpoint 'CourseApi.Controllers.Admin.StudentController.Create (CourseApi)'
2024-07-01 02:18:30.113 +04:00  INF  Request finished HTTP/1.1 POST http://localhost:5114/api/admin/Student/Create application/json 142 - 201 - application/json;+charset=utf-8 98.9263ms
2024-07-01 02:19:08.162 +04:00  INF  Request starting HTTP/1.1 POST http://localhost:5114/api/admin/Student/Create application/json 145
2024-07-01 02:19:08.164 +04:00  INF  Executing endpoint 'CourseApi.Controllers.Admin.StudentController.Create (CourseApi)'
2024-07-01 02:19:08.164 +04:00  INF  Route matched with {action = "Create", controller = "Student"}. Executing controller action with signature System.Threading.Tasks.Task`1[Microsoft.AspNetCore.Mvc.IActionResult] Create(Service.DTOs.Students.StudentCreateDto) on controller CourseApi.Controllers.Admin.StudentController (CourseApi).
2024-07-01 02:19:08.164 +04:00  INF  Entity Framework Core 6.0.31 initialized 'AppDbContext' using provider 'Microsoft.EntityFrameworkCore.SqlServer:6.0.31' with options: None
2024-07-01 02:19:08.166 +04:00  INF  Executed DbCommand (1ms) [Parameters=[@__item_0='?' (DbType = Int32)], CommandType='"Text"', CommandTimeout='30']
SELECT CASE
    WHEN EXISTS (
        SELECT 1
        FROM [Groups] AS [g]
        WHERE [g].[Id] = @__item_0) THEN CAST(1 AS bit)
    ELSE CAST(0 AS bit)
END
2024-07-01 02:19:08.167 +04:00  INF  Executed DbCommand (1ms) [Parameters=[@__item_0='?' (DbType = Int32)], CommandType='"Text"', CommandTimeout='30']
SELECT TOP(1) [g].[Id], [g].[Capacity], [g].[CreatedDate], [g].[EducationId], [g].[Name], [g].[RoomId], [g].[SoftDelete], [g].[StudentCount]
FROM [Groups] AS [g]
WHERE [g].[Id] = @__item_0
2024-07-01 02:19:08.167 +04:00  INF  Executed DbCommand (0ms) [Parameters=[@__item_0='?' (DbType = Int32)], CommandType='"Text"', CommandTimeout='30']
SELECT CASE
    WHEN EXISTS (
        SELECT 1
        FROM [Groups] AS [g]
        WHERE [g].[Id] = @__item_0) THEN CAST(1 AS bit)
    ELSE CAST(0 AS bit)
END
2024-07-01 02:19:08.168 +04:00  INF  Executed DbCommand (1ms) [Parameters=[@__item_0='?' (DbType = Int32)], CommandType='"Text"', CommandTimeout='30']
SELECT TOP(1) [g].[Id], [g].[Capacity], [g].[CreatedDate], [g].[EducationId], [g].[Name], [g].[RoomId], [g].[SoftDelete], [g].[StudentCount]
FROM [Groups] AS [g]
WHERE [g].[Id] = @__item_0
2024-07-01 02:19:08.172 +04:00  INF  Executed DbCommand (3ms) [Parameters=[@p7='?' (DbType = Int32), @p0='?' (DbType = Int32), @p1='?' (DbType = DateTime2), @p2='?' (DbType = Int32), @p3='?' (Size = 100), @p4='?' (DbType = Int32), @p5='?' (DbType = Boolean), @p6='?' (DbType = Int32)], CommandType='"Text"', CommandTimeout='30']
SET NOCOUNT ON;
UPDATE [Groups] SET [Capacity] = @p0, [CreatedDate] = @p1, [EducationId] = @p2, [Name] = @p3, [RoomId] = @p4, [SoftDelete] = @p5, [StudentCount] = @p6
WHERE [Id] = @p7;
SELECT @@ROWCOUNT;
2024-07-01 02:19:08.178 +04:00  INF  Executed DbCommand (2ms) [Parameters=[@p0='?' (Size = 4000), @p1='?' (DbType = Int32), @p2='?' (DbType = DateTime2), @p3='?' (Size = 4000), @p4='?' (Size = 100), @p5='?' (DbType = Boolean), @p6='?' (Size = 4000)], CommandType='"Text"', CommandTimeout='30']
SET NOCOUNT ON;
INSERT INTO [Students] ([Address], [Age], [CreatedDate], [Email], [Name], [SoftDelete], [SurName])
VALUES (@p0, @p1, @p2, @p3, @p4, @p5, @p6);
SELECT [Id]
FROM [Students]
WHERE @@ROWCOUNT = 1 AND [Id] = scope_identity();
2024-07-01 02:19:08.180 +04:00  INF  Executed DbCommand (1ms) [Parameters=[@p7='?' (DbType = Int32), @p8='?' (DbType = Int32)], CommandType='"Text"', CommandTimeout='30']
SET NOCOUNT ON;
INSERT INTO [GroupStudents] ([GroupId], [StudentId])
VALUES (@p7, @p8);
SELECT [Id]
FROM [GroupStudents]
WHERE @@ROWCOUNT = 1 AND [Id] = scope_identity();
2024-07-01 02:19:08.180 +04:00  INF  Executing CreatedAtActionResult, writing value of type '<>f__AnonymousType0`1[[System.String, System.Private.CoreLib, Version=6.0.0.0, Culture=neutral, PublicKeyToken=7cec85d7bea7798e]]'.
2024-07-01 02:19:08.181 +04:00  INF  Executed action CourseApi.Controllers.Admin.StudentController.Create (CourseApi) in 16.7236ms
2024-07-01 02:19:08.181 +04:00  INF  Executed endpoint 'CourseApi.Controllers.Admin.StudentController.Create (CourseApi)'
2024-07-01 02:19:08.181 +04:00  INF  Request finished HTTP/1.1 POST http://localhost:5114/api/admin/Student/Create application/json 145 - 201 - application/json;+charset=utf-8 18.2602ms
2024-07-01 02:19:15.328 +04:00  INF  Request starting HTTP/1.1 GET http://localhost:5114/api/admin/Student/GetAll - -
2024-07-01 02:19:15.328 +04:00  INF  Executing endpoint 'CourseApi.Controllers.Admin.StudentController.GetAll (CourseApi)'
2024-07-01 02:19:15.333 +04:00  INF  Route matched with {action = "GetAll", controller = "Student"}. Executing controller action with signature System.Threading.Tasks.Task`1[Microsoft.AspNetCore.Mvc.IActionResult] GetAll() on controller CourseApi.Controllers.Admin.StudentController (CourseApi).
2024-07-01 02:19:15.337 +04:00  INF  Entity Framework Core 6.0.31 initialized 'AppDbContext' using provider 'Microsoft.EntityFrameworkCore.SqlServer:6.0.31' with options: None
2024-07-01 02:19:15.339 +04:00  INF  Get All method is working
2024-07-01 02:19:15.527 +04:00  INF  Executed DbCommand (23ms) [Parameters=[], CommandType='"Text"', CommandTimeout='30']
SELECT [s].[Id], [s].[Address], [s].[Age], [s].[CreatedDate], [s].[Email], [s].[Name], [s].[SoftDelete], [s].[SurName], [t].[Id], [t].[GroupId], [t].[StudentId], [t].[Id0], [t].[Capacity], [t].[CreatedDate], [t].[EducationId], [t].[Name], [t].[RoomId], [t].[SoftDelete], [t].[StudentCount]
FROM [Students] AS [s]
LEFT JOIN (
    SELECT [g].[Id], [g].[GroupId], [g].[StudentId], [g0].[Id] AS [Id0], [g0].[Capacity], [g0].[CreatedDate], [g0].[EducationId], [g0].[Name], [g0].[RoomId], [g0].[SoftDelete], [g0].[StudentCount]
    FROM [GroupStudents] AS [g]
    INNER JOIN [Groups] AS [g0] ON [g].[GroupId] = [g0].[Id]
) AS [t] ON [s].[Id] = [t].[StudentId]
ORDER BY [s].[Id], [t].[Id]
2024-07-01 02:19:15.555 +04:00  INF  Executing OkObjectResult, writing value of type 'System.Collections.Generic.List`1[[Service.DTOs.Students.StudentDto, Service, Version=1.0.0.0, Culture=neutral, PublicKeyToken=null]]'.
2024-07-01 02:19:15.559 +04:00  INF  Executed action CourseApi.Controllers.Admin.StudentController.GetAll (CourseApi) in 224.9304ms
2024-07-01 02:19:15.559 +04:00  INF  Executed endpoint 'CourseApi.Controllers.Admin.StudentController.GetAll (CourseApi)'
2024-07-01 02:19:15.559 +04:00  INF  Request finished HTTP/1.1 GET http://localhost:5114/api/admin/Student/GetAll - - - 200 - application/json;+charset=utf-8 231.2647ms
2024-07-01 02:19:45.999 +04:00  INF  Request starting HTTP/1.1 GET http://localhost:5114/api/admin/Teacher/GetById/1 - -
2024-07-01 02:19:46.001 +04:00  INF  Executing endpoint 'CourseApi.Controllers.Admin.TeacherController.GetById (CourseApi)'
2024-07-01 02:19:46.009 +04:00  INF  Route matched with {action = "GetById", controller = "Teacher"}. Executing controller action with signature System.Threading.Tasks.Task`1[Microsoft.AspNetCore.Mvc.IActionResult] GetById(Int32) on controller CourseApi.Controllers.Admin.TeacherController (CourseApi).
2024-07-01 02:19:46.010 +04:00  INF  Entity Framework Core 6.0.31 initialized 'AppDbContext' using provider 'Microsoft.EntityFrameworkCore.SqlServer:6.0.31' with options: None
2024-07-01 02:19:46.047 +04:00  INF  Executed DbCommand (18ms) [Parameters=[@__id_0='?' (DbType = Int32)], CommandType='"Text"', CommandTimeout='30']
SELECT [t0].[Id], [t0].[Age], [t0].[CreatedDate], [t0].[Name], [t0].[Salary], [t0].[SoftDelete], [t0].[Surname], [t1].[Id], [t1].[GroupId], [t1].[TeacherId], [t1].[Id0], [t1].[Capacity], [t1].[CreatedDate], [t1].[EducationId], [t1].[Name], [t1].[RoomId], [t1].[SoftDelete], [t1].[StudentCount]
FROM (
    SELECT TOP(1) [t].[Id], [t].[Age], [t].[CreatedDate], [t].[Name], [t].[Salary], [t].[SoftDelete], [t].[Surname]
    FROM [Teachers] AS [t]
    WHERE [t].[Id] = @__id_0
) AS [t0]
LEFT JOIN (
    SELECT [g].[Id], [g].[GroupId], [g].[TeacherId], [g0].[Id] AS [Id0], [g0].[Capacity], [g0].[CreatedDate], [g0].[EducationId], [g0].[Name], [g0].[RoomId], [g0].[SoftDelete], [g0].[StudentCount]
    FROM [GroupTeachers] AS [g]
    INNER JOIN [Groups] AS [g0] ON [g].[GroupId] = [g0].[Id]
) AS [t1] ON [t0].[Id] = [t1].[TeacherId]
ORDER BY [t0].[Id], [t1].[Id]
2024-07-01 02:19:46.058 +04:00  INF  Executing OkObjectResult, writing value of type 'Service.DTOs.Teachers.TeacherDto'.
2024-07-01 02:19:46.061 +04:00  INF  Executed action CourseApi.Controllers.Admin.TeacherController.GetById (CourseApi) in 51.3511ms
2024-07-01 02:19:46.061 +04:00  INF  Executed endpoint 'CourseApi.Controllers.Admin.TeacherController.GetById (CourseApi)'
2024-07-01 02:19:46.061 +04:00  INF  Request finished HTTP/1.1 GET http://localhost:5114/api/admin/Teacher/GetById/1 - - - 200 - application/json;+charset=utf-8 62.2125ms
2024-07-01 02:41:20.729 +04:00  INF  Now listening on: http://localhost:5114
2024-07-01 02:41:20.755 +04:00  INF  Application started. Press Ctrl+C to shut down.
2024-07-01 02:41:20.755 +04:00  INF  Hosting environment: Development
2024-07-01 02:41:20.755 +04:00  INF  Content root path: C:\Users\Əsgərxan\Desktop\Deceller\CourseAppApiWithArchitecture\CourseApi\CourseApi\
2024-07-01 02:41:21.002 +04:00  INF  Request starting HTTP/1.1 GET http://localhost:5114/swagger/index.html - -
2024-07-01 02:41:21.195 +04:00  INF  Request finished HTTP/1.1 GET http://localhost:5114/swagger/index.html - - - 200 - text/html;charset=utf-8 201.8592ms
2024-07-01 02:41:21.206 +04:00  INF  Request starting HTTP/1.1 GET http://localhost:5114/_vs/browserLink - -
2024-07-01 02:41:21.208 +04:00  INF  Request starting HTTP/1.1 GET http://localhost:5114/_framework/aspnetcore-browser-refresh.js - -
2024-07-01 02:41:21.209 +04:00  INF  Request finished HTTP/1.1 GET http://localhost:5114/_framework/aspnetcore-browser-refresh.js - - - 200 11988 application/javascript;+charset=utf-8 1.0862ms
2024-07-01 02:41:21.253 +04:00  INF  Request finished HTTP/1.1 GET http://localhost:5114/_vs/browserLink - - - 200 - text/javascript;+charset=UTF-8 46.6337ms
2024-07-01 02:41:21.545 +04:00  INF  Request starting HTTP/1.1 GET http://localhost:5114/swagger/v1/swagger.json - -
2024-07-01 02:41:21.634 +04:00  INF  Request finished HTTP/1.1 GET http://localhost:5114/swagger/v1/swagger.json - - - 200 - application/json;charset=utf-8 89.0957ms
